<?xml version="1.0" encoding="UTF-8"?>
<!-- Generated by org.testng.reporters.JUnitReportReporter -->
<testsuite hostname="DESKTOP-4KRAEP9" failures="0" tests="4" name="cucumberOptions.SearchProductTestNGRunner" time="0.269" errors="0" timestamp="2023-09-26T21:54:13 BDT" skipped="0">
  <testcase classname="cucumberOptions.SearchProductTestNGRunner" name="runScenario" time="0.011"/>
  <testcase classname="cucumberOptions.SearchProductTestNGRunner" name="runScenario" time="0.231"/>
  <testcase classname="cucumberOptions.SearchProductTestNGRunner" name="runScenario" time="0.018"/>
  <testcase classname="cucumberOptions.SearchProductTestNGRunner" name="runScenario" time="0.009"/>
</testsuite> <!-- cucumberOptions.SearchProductTestNGRunner -->
