<?xml version="1.0" encoding="UTF-8"?>
<!-- Generated by org.testng.reporters.JUnitReportReporter -->
<testsuite hostname="DESKTOP-4KRAEP9" failures="0" tests="1" name="cucumberOptions.TestNGRunner" time="0.173" errors="0" timestamp="2023-09-20T20:33:11 BDT" skipped="0">
  <testcase classname="cucumberOptions.TestNGRunner" name="runScenario" time="0.173"/>
</testsuite> <!-- cucumberOptions.TestNGRunner -->
