<?xml version="1.0" encoding="UTF-8"?>
<!-- Generated by org.testng.reporters.JUnitReportReporter -->
<testsuite hostname="DESKTOP-4KRAEP9" failures="0" tests="1" name="cucumberOptions.SearchProductTestNGRunner" time="11.591" errors="1" timestamp="2023-09-30T23:56:18 BDT" skipped="0">
  <testcase classname="cucumberOptions.SearchProductTestNGRunner" name="runScenario" time="11.591">
    <error message="Cannot invoke &quot;pageObjectModel.PageObjectManager.getLandingPage()&quot; because &quot;this.textContextSetup.pageObjectManager&quot; is null" type="java.lang.NullPointerException">
      <![CDATA[java.lang.NullPointerException: Cannot invoke "pageObjectModel.PageObjectManager.getLandingPage()" because "this.textContextSetup.pageObjectManager" is null
at stepDefinitions.LandingPageStepDefinitions.user_search_short_name_and_extracted_actual_name_of_product(LandingPageStepDefinitions.java:30)
at âœ½.user search shortname "Tom" and extracted actual name of product(file:///C:/Users/ShakilAhmed/git/Cucumber-Framework-using-Selenium-/CucumberBDDFramework/src/test/java/features/searchProduct.feature:5)
]]>
    </error>
  </testcase> <!-- runScenario -->
</testsuite> <!-- cucumberOptions.SearchProductTestNGRunner -->
