<?xml version="1.0" encoding="UTF-8"?>
<!-- Generated by org.testng.reporters.JUnitReportReporter -->
<testsuite hostname="DESKTOP-4KRAEP9" failures="0" tests="2" name="cucumberOptions.TestNGRunner" time="0.137" errors="0" timestamp="2023-09-21T19:19:44 BDT" skipped="0">
  <testcase classname="cucumberOptions.TestNGRunner" name="runScenario" time="0.127"/>
  <testcase classname="cucumberOptions.TestNGRunner" name="runScenario" time="0.010"/>
</testsuite> <!-- cucumberOptions.TestNGRunner -->
