<?xml version="1.0" encoding="UTF-8"?>
<!-- Generated by org.testng.reporters.JUnitReportReporter -->
<testsuite hostname="DESKTOP-4KRAEP9" failures="0" tests="1" name="cucumberOptions.SearchProductTestNGRunner" time="13.118" errors="0" timestamp="2023-09-28T01:08:15 BDT" skipped="0">
  <testcase classname="cucumberOptions.SearchProductTestNGRunner" name="runScenario" time="13.118"/>
</testsuite> <!-- cucumberOptions.SearchProductTestNGRunner -->
