<?xml version="1.0" encoding="UTF-8"?>
<!-- Generated by org.testng.reporters.JUnitReportReporter -->
<testsuite hostname="DESKTOP-4KRAEP9" failures="0" tests="1" name="cucumberOptions.SearchProductTestNGRunner" time="13.312" errors="0" timestamp="2023-09-27T20:28:36 BDT" skipped="0">
  <testcase classname="cucumberOptions.SearchProductTestNGRunner" name="runScenario" time="13.312"/>
</testsuite> <!-- cucumberOptions.SearchProductTestNGRunner -->
