<?xml version="1.0" encoding="UTF-8"?>
<!-- Generated by org.testng.reporters.JUnitReportReporter -->
<testsuite hostname="DESKTOP-4KRAEP9" failures="0" tests="2" name="cucumberOptions.TestNGRunner" time="0.181" errors="0" timestamp="2023-09-27T19:52:23 BDT" skipped="0">
  <testcase classname="cucumberOptions.TestNGRunner" name="runScenario" time="0.015"/>
  <testcase classname="cucumberOptions.TestNGRunner" name="runScenario" time="0.166"/>
</testsuite> <!-- cucumberOptions.TestNGRunner -->
