<?xml version="1.0" encoding="UTF-8"?>
<!-- Generated by org.testng.reporters.JUnitReportReporter -->
<testsuite hostname="DESKTOP-4KRAEP9" failures="0" tests="2" name="cucumberOptions.TestNGRunner" time="1.186" errors="0" timestamp="2023-09-21T17:17:28 BDT" skipped="0">
  <testcase classname="cucumberOptions.TestNGRunner" name="runScenario" time="0.097"/>
  <testcase classname="cucumberOptions.TestNGRunner" name="runScenario" time="1.089"/>
</testsuite> <!-- cucumberOptions.TestNGRunner -->
